<?xml version="1.0" encoding="UTF-8"?>
<testng-results skipped="0" failed="0" total="1" passed="1">
  <reporter-output>
  </reporter-output>
  <suite name="Default suite" duration-ms="12359" started-at="2016-07-07T09:25:45Z" finished-at="2016-07-07T09:25:57Z">
    <groups>
    </groups>
    <test name="Default test" duration-ms="12359" started-at="2016-07-07T09:25:45Z" finished-at="2016-07-07T09:25:57Z">
      <class name="com.apust.selenium.Test2">
        <test-method status="PASS" signature="init()[pri:0, instance:com.apust.selenium.Test2@3f3afe78]" name="init" is-config="true" duration-ms="2378" started-at="2016-07-07T12:25:45Z" finished-at="2016-07-07T12:25:47Z">
          <reporter-output>
          </reporter-output>
        </test-method> <!-- init -->
        <test-method status="PASS" signature="testLogin()[pri:0, instance:com.apust.selenium.Test2@3f3afe78]" name="testLogin" duration-ms="9974" started-at="2016-07-07T12:25:47Z" finished-at="2016-07-07T12:25:57Z">
          <reporter-output>
          </reporter-output>
        </test-method> <!-- testLogin -->
        <test-method status="PASS" signature="tearDown()[pri:0, instance:com.apust.selenium.Test2@3f3afe78]" name="tearDown" is-config="true" duration-ms="305" started-at="2016-07-07T12:25:57Z" finished-at="2016-07-07T12:25:58Z">
          <reporter-output>
          </reporter-output>
        </test-method> <!-- tearDown -->
      </class> <!-- com.apust.selenium.Test2 -->
    </test> <!-- Default test -->
  </suite> <!-- Default suite -->
</testng-results>
